Determining if the Q_WS_WIN exist failed with the following output:
Change Dir: /home/charlie-u/Descargas/ejemplo1/build/CMakeFiles/CMakeTmp

Run Build Command:"/usr/bin/make" "cmTC_4fc19/fast"
/usr/bin/make -f CMakeFiles/cmTC_4fc19.dir/build.make CMakeFiles/cmTC_4fc19.dir/build
make[1]: Entering directory '/home/charlie-u/Descargas/ejemplo1/build/CMakeFiles/CMakeTmp'
Building CXX object CMakeFiles/cmTC_4fc19.dir/CheckSymbolExists.cxx.o
/usr/bin/c++    -I/usr/include/qt4   -o CMakeFiles/cmTC_4fc19.dir/CheckSymbolExists.cxx.o -c /home/charlie-u/Descargas/ejemplo1/build/CMakeFiles/CMakeTmp/CheckSymbolExists.cxx
/home/charlie-u/Descargas/ejemplo1/build/CMakeFiles/CMakeTmp/CheckSymbolExists.cxx: In function ‘int main(int, char**)’:
/home/charlie-u/Descargas/ejemplo1/build/CMakeFiles/CMakeTmp/CheckSymbolExists.cxx:8:19: error: ‘Q_WS_WIN’ was not declared in this scope
   return ((int*)(&Q_WS_WIN))[argc];
                   ^
CMakeFiles/cmTC_4fc19.dir/build.make:65: recipe for target 'CMakeFiles/cmTC_4fc19.dir/CheckSymbolExists.cxx.o' failed
make[1]: *** [CMakeFiles/cmTC_4fc19.dir/CheckSymbolExists.cxx.o] Error 1
make[1]: Leaving directory '/home/charlie-u/Descargas/ejemplo1/build/CMakeFiles/CMakeTmp'
Makefile:126: recipe for target 'cmTC_4fc19/fast' failed
make: *** [cmTC_4fc19/fast] Error 2

File /home/charlie-u/Descargas/ejemplo1/build/CMakeFiles/CMakeTmp/CheckSymbolExists.cxx:
/* */
#include <QtCore/qglobal.h>

int main(int argc, char** argv)
{
  (void)argv;
#ifndef Q_WS_WIN
  return ((int*)(&Q_WS_WIN))[argc];
#else
  (void)argc;
  return 0;
#endif
}

Determining if the Q_WS_QWS exist failed with the following output:
Change Dir: /home/charlie-u/Descargas/ejemplo1/build/CMakeFiles/CMakeTmp

Run Build Command:"/usr/bin/make" "cmTC_820b0/fast"
/usr/bin/make -f CMakeFiles/cmTC_820b0.dir/build.make CMakeFiles/cmTC_820b0.dir/build
make[1]: Entering directory '/home/charlie-u/Descargas/ejemplo1/build/CMakeFiles/CMakeTmp'
Building CXX object CMakeFiles/cmTC_820b0.dir/CheckSymbolExists.cxx.o
/usr/bin/c++    -I/usr/include/qt4   -o CMakeFiles/cmTC_820b0.dir/CheckSymbolExists.cxx.o -c /home/charlie-u/Descargas/ejemplo1/build/CMakeFiles/CMakeTmp/CheckSymbolExists.cxx
/home/charlie-u/Descargas/ejemplo1/build/CMakeFiles/CMakeTmp/CheckSymbolExists.cxx: In function ‘int main(int, char**)’:
/home/charlie-u/Descargas/ejemplo1/build/CMakeFiles/CMakeTmp/CheckSymbolExists.cxx:8:19: error: ‘Q_WS_QWS’ was not declared in this scope
   return ((int*)(&Q_WS_QWS))[argc];
                   ^
CMakeFiles/cmTC_820b0.dir/build.make:65: recipe for target 'CMakeFiles/cmTC_820b0.dir/CheckSymbolExists.cxx.o' failed
make[1]: *** [CMakeFiles/cmTC_820b0.dir/CheckSymbolExists.cxx.o] Error 1
make[1]: Leaving directory '/home/charlie-u/Descargas/ejemplo1/build/CMakeFiles/CMakeTmp'
Makefile:126: recipe for target 'cmTC_820b0/fast' failed
make: *** [cmTC_820b0/fast] Error 2

File /home/charlie-u/Descargas/ejemplo1/build/CMakeFiles/CMakeTmp/CheckSymbolExists.cxx:
/* */
#include <QtCore/qglobal.h>

int main(int argc, char** argv)
{
  (void)argv;
#ifndef Q_WS_QWS
  return ((int*)(&Q_WS_QWS))[argc];
#else
  (void)argc;
  return 0;
#endif
}

Determining if the Q_WS_MAC exist failed with the following output:
Change Dir: /home/charlie-u/Descargas/ejemplo1/build/CMakeFiles/CMakeTmp

Run Build Command:"/usr/bin/make" "cmTC_5b964/fast"
/usr/bin/make -f CMakeFiles/cmTC_5b964.dir/build.make CMakeFiles/cmTC_5b964.dir/build
make[1]: Entering directory '/home/charlie-u/Descargas/ejemplo1/build/CMakeFiles/CMakeTmp'
Building CXX object CMakeFiles/cmTC_5b964.dir/CheckSymbolExists.cxx.o
/usr/bin/c++    -I/usr/include/qt4   -o CMakeFiles/cmTC_5b964.dir/CheckSymbolExists.cxx.o -c /home/charlie-u/Descargas/ejemplo1/build/CMakeFiles/CMakeTmp/CheckSymbolExists.cxx
/home/charlie-u/Descargas/ejemplo1/build/CMakeFiles/CMakeTmp/CheckSymbolExists.cxx: In function ‘int main(int, char**)’:
/home/charlie-u/Descargas/ejemplo1/build/CMakeFiles/CMakeTmp/CheckSymbolExists.cxx:8:19: error: ‘Q_WS_MAC’ was not declared in this scope
   return ((int*)(&Q_WS_MAC))[argc];
                   ^
CMakeFiles/cmTC_5b964.dir/build.make:65: recipe for target 'CMakeFiles/cmTC_5b964.dir/CheckSymbolExists.cxx.o' failed
make[1]: *** [CMakeFiles/cmTC_5b964.dir/CheckSymbolExists.cxx.o] Error 1
make[1]: Leaving directory '/home/charlie-u/Descargas/ejemplo1/build/CMakeFiles/CMakeTmp'
Makefile:126: recipe for target 'cmTC_5b964/fast' failed
make: *** [cmTC_5b964/fast] Error 2

File /home/charlie-u/Descargas/ejemplo1/build/CMakeFiles/CMakeTmp/CheckSymbolExists.cxx:
/* */
#include <QtCore/qglobal.h>

int main(int argc, char** argv)
{
  (void)argv;
#ifndef Q_WS_MAC
  return ((int*)(&Q_WS_MAC))[argc];
#else
  (void)argc;
  return 0;
#endif
}

